[0.187s] DEBUG:colcon:Command line arguments: ['/usr/bin/colcon', 'build']
[0.188s] DEBUG:colcon:Parsed command line arguments: Namespace(allow_overriding=[], ament_cmake_args=None, base_paths=['.'], build_base='build', catkin_cmake_args=None, catkin_skip_building_tests=False, cmake_args=None, cmake_clean_cache=False, cmake_clean_first=False, cmake_force_configure=False, cmake_target=None, cmake_target_skip_unavailable=False, continue_on_error=False, event_handlers=None, executor='parallel', ignore_user_meta=False, install_base='install', log_base=None, log_level=None, main=<bound method BuildVerb.main of <colcon_core.verb.build.BuildVerb object at 0x7fe30f43fe80>>, merge_install=False, metas=['./colcon.meta'], packages_above=None, packages_above_and_dependencies=None, packages_above_depth=None, packages_end=None, packages_ignore=None, packages_ignore_regex=None, packages_select=None, packages_select_build_failed=False, packages_select_by_dep=None, packages_select_regex=None, packages_select_test_failures=False, packages_skip=None, packages_skip_build_finished=False, packages_skip_by_dep=None, packages_skip_regex=None, packages_skip_test_passed=False, packages_skip_up_to=None, packages_start=None, packages_up_to=None, packages_up_to_regex=None, parallel_workers=8, paths=None, symlink_install=False, test_result_base=None, verb_extension=<colcon_core.verb.build.BuildVerb object at 0x7fe30f43fe80>, verb_name='build', verb_parser=<colcon_defaults.argument_parser.defaults.DefaultArgumentsDecorator object at 0x7fe30f3ca430>)
[0.204s] Level 1:colcon.colcon_core.package_discovery:discover_packages(colcon_meta) check parameters
[0.204s] Level 1:colcon.colcon_core.package_discovery:discover_packages(recursive) check parameters
[0.204s] Level 1:colcon.colcon_core.package_discovery:discover_packages(ignore) check parameters
[0.204s] Level 1:colcon.colcon_core.package_discovery:discover_packages(path) check parameters
[0.204s] Level 1:colcon.colcon_core.package_discovery:discover_packages(colcon_meta) discover
[0.204s] Level 1:colcon.colcon_core.package_discovery:discover_packages(recursive) discover
[0.204s] INFO:colcon.colcon_core.package_discovery:Crawling recursively for packages in '/home/jin/yolov5-D435i-main'
[0.204s] Level 1:colcon.colcon_core.package_identification:_identify(.) by extensions ['ignore', 'ignore_ament_install']
[0.204s] Level 1:colcon.colcon_core.package_identification:_identify(.) by extension 'ignore'
[0.205s] Level 1:colcon.colcon_core.package_identification:_identify(.) by extension 'ignore_ament_install'
[0.205s] Level 1:colcon.colcon_core.package_identification:_identify(.) by extensions ['colcon_pkg']
[0.205s] Level 1:colcon.colcon_core.package_identification:_identify(.) by extension 'colcon_pkg'
[0.205s] Level 1:colcon.colcon_core.package_identification:_identify(.) by extensions ['colcon_meta']
[0.205s] Level 1:colcon.colcon_core.package_identification:_identify(.) by extension 'colcon_meta'
[0.205s] Level 1:colcon.colcon_core.package_identification:_identify(.) by extensions ['ros']
[0.205s] Level 1:colcon.colcon_core.package_identification:_identify(.) by extension 'ros'
[0.218s] Level 1:colcon.colcon_core.package_identification:_identify(.) by extensions ['cmake', 'python']
[0.218s] Level 1:colcon.colcon_core.package_identification:_identify(.) by extension 'cmake'
[0.218s] Level 1:colcon.colcon_core.package_identification:_identify(.) by extension 'python'
[0.218s] Level 1:colcon.colcon_core.package_identification:_identify(.) by extensions ['python_setup_py']
[0.218s] Level 1:colcon.colcon_core.package_identification:_identify(.) by extension 'python_setup_py'
[0.218s] Level 1:colcon.colcon_core.package_identification:_identify(build) by extensions ['ignore', 'ignore_ament_install']
[0.218s] Level 1:colcon.colcon_core.package_identification:_identify(build) by extension 'ignore'
[0.218s] Level 1:colcon.colcon_core.package_identification:_identify(build) ignored
[0.218s] Level 1:colcon.colcon_core.package_identification:_identify(data) by extensions ['ignore', 'ignore_ament_install']
[0.219s] Level 1:colcon.colcon_core.package_identification:_identify(data) by extension 'ignore'
[0.219s] Level 1:colcon.colcon_core.package_identification:_identify(data) by extension 'ignore_ament_install'
[0.219s] Level 1:colcon.colcon_core.package_identification:_identify(data) by extensions ['colcon_pkg']
[0.219s] Level 1:colcon.colcon_core.package_identification:_identify(data) by extension 'colcon_pkg'
[0.219s] Level 1:colcon.colcon_core.package_identification:_identify(data) by extensions ['colcon_meta']
[0.219s] Level 1:colcon.colcon_core.package_identification:_identify(data) by extension 'colcon_meta'
[0.219s] Level 1:colcon.colcon_core.package_identification:_identify(data) by extensions ['ros']
[0.219s] Level 1:colcon.colcon_core.package_identification:_identify(data) by extension 'ros'
[0.219s] Level 1:colcon.colcon_core.package_identification:_identify(data) by extensions ['cmake', 'python']
[0.219s] Level 1:colcon.colcon_core.package_identification:_identify(data) by extension 'cmake'
[0.219s] Level 1:colcon.colcon_core.package_identification:_identify(data) by extension 'python'
[0.219s] Level 1:colcon.colcon_core.package_identification:_identify(data) by extensions ['python_setup_py']
[0.219s] Level 1:colcon.colcon_core.package_identification:_identify(data) by extension 'python_setup_py'
[0.219s] Level 1:colcon.colcon_core.package_identification:_identify(data/images) by extensions ['ignore', 'ignore_ament_install']
[0.219s] Level 1:colcon.colcon_core.package_identification:_identify(data/images) by extension 'ignore'
[0.219s] Level 1:colcon.colcon_core.package_identification:_identify(data/images) by extension 'ignore_ament_install'
[0.219s] Level 1:colcon.colcon_core.package_identification:_identify(data/images) by extensions ['colcon_pkg']
[0.219s] Level 1:colcon.colcon_core.package_identification:_identify(data/images) by extension 'colcon_pkg'
[0.219s] Level 1:colcon.colcon_core.package_identification:_identify(data/images) by extensions ['colcon_meta']
[0.219s] Level 1:colcon.colcon_core.package_identification:_identify(data/images) by extension 'colcon_meta'
[0.219s] Level 1:colcon.colcon_core.package_identification:_identify(data/images) by extensions ['ros']
[0.219s] Level 1:colcon.colcon_core.package_identification:_identify(data/images) by extension 'ros'
[0.219s] Level 1:colcon.colcon_core.package_identification:_identify(data/images) by extensions ['cmake', 'python']
[0.219s] Level 1:colcon.colcon_core.package_identification:_identify(data/images) by extension 'cmake'
[0.219s] Level 1:colcon.colcon_core.package_identification:_identify(data/images) by extension 'python'
[0.219s] Level 1:colcon.colcon_core.package_identification:_identify(data/images) by extensions ['python_setup_py']
[0.219s] Level 1:colcon.colcon_core.package_identification:_identify(data/images) by extension 'python_setup_py'
[0.219s] Level 1:colcon.colcon_core.package_identification:_identify(data/scripts) by extensions ['ignore', 'ignore_ament_install']
[0.219s] Level 1:colcon.colcon_core.package_identification:_identify(data/scripts) by extension 'ignore'
[0.219s] Level 1:colcon.colcon_core.package_identification:_identify(data/scripts) by extension 'ignore_ament_install'
[0.219s] Level 1:colcon.colcon_core.package_identification:_identify(data/scripts) by extensions ['colcon_pkg']
[0.219s] Level 1:colcon.colcon_core.package_identification:_identify(data/scripts) by extension 'colcon_pkg'
[0.219s] Level 1:colcon.colcon_core.package_identification:_identify(data/scripts) by extensions ['colcon_meta']
[0.219s] Level 1:colcon.colcon_core.package_identification:_identify(data/scripts) by extension 'colcon_meta'
[0.219s] Level 1:colcon.colcon_core.package_identification:_identify(data/scripts) by extensions ['ros']
[0.219s] Level 1:colcon.colcon_core.package_identification:_identify(data/scripts) by extension 'ros'
[0.219s] Level 1:colcon.colcon_core.package_identification:_identify(data/scripts) by extensions ['cmake', 'python']
[0.219s] Level 1:colcon.colcon_core.package_identification:_identify(data/scripts) by extension 'cmake'
[0.220s] Level 1:colcon.colcon_core.package_identification:_identify(data/scripts) by extension 'python'
[0.220s] Level 1:colcon.colcon_core.package_identification:_identify(data/scripts) by extensions ['python_setup_py']
[0.220s] Level 1:colcon.colcon_core.package_identification:_identify(data/scripts) by extension 'python_setup_py'
[0.220s] Level 1:colcon.colcon_core.package_identification:_identify(install) by extensions ['ignore', 'ignore_ament_install']
[0.220s] Level 1:colcon.colcon_core.package_identification:_identify(install) by extension 'ignore'
[0.220s] Level 1:colcon.colcon_core.package_identification:_identify(install) ignored
[0.220s] Level 1:colcon.colcon_core.package_identification:_identify(log) by extensions ['ignore', 'ignore_ament_install']
[0.220s] Level 1:colcon.colcon_core.package_identification:_identify(log) by extension 'ignore'
[0.220s] Level 1:colcon.colcon_core.package_identification:_identify(log) ignored
[0.220s] Level 1:colcon.colcon_core.package_identification:_identify(models) by extensions ['ignore', 'ignore_ament_install']
[0.220s] Level 1:colcon.colcon_core.package_identification:_identify(models) by extension 'ignore'
[0.220s] Level 1:colcon.colcon_core.package_identification:_identify(models) by extension 'ignore_ament_install'
[0.220s] Level 1:colcon.colcon_core.package_identification:_identify(models) by extensions ['colcon_pkg']
[0.220s] Level 1:colcon.colcon_core.package_identification:_identify(models) by extension 'colcon_pkg'
[0.220s] Level 1:colcon.colcon_core.package_identification:_identify(models) by extensions ['colcon_meta']
[0.220s] Level 1:colcon.colcon_core.package_identification:_identify(models) by extension 'colcon_meta'
[0.220s] Level 1:colcon.colcon_core.package_identification:_identify(models) by extensions ['ros']
[0.220s] Level 1:colcon.colcon_core.package_identification:_identify(models) by extension 'ros'
[0.220s] Level 1:colcon.colcon_core.package_identification:_identify(models) by extensions ['cmake', 'python']
[0.220s] Level 1:colcon.colcon_core.package_identification:_identify(models) by extension 'cmake'
[0.220s] Level 1:colcon.colcon_core.package_identification:_identify(models) by extension 'python'
[0.220s] Level 1:colcon.colcon_core.package_identification:_identify(models) by extensions ['python_setup_py']
[0.220s] Level 1:colcon.colcon_core.package_identification:_identify(models) by extension 'python_setup_py'
[0.220s] Level 1:colcon.colcon_core.package_identification:_identify(models/hub) by extensions ['ignore', 'ignore_ament_install']
[0.220s] Level 1:colcon.colcon_core.package_identification:_identify(models/hub) by extension 'ignore'
[0.220s] Level 1:colcon.colcon_core.package_identification:_identify(models/hub) by extension 'ignore_ament_install'
[0.220s] Level 1:colcon.colcon_core.package_identification:_identify(models/hub) by extensions ['colcon_pkg']
[0.220s] Level 1:colcon.colcon_core.package_identification:_identify(models/hub) by extension 'colcon_pkg'
[0.220s] Level 1:colcon.colcon_core.package_identification:_identify(models/hub) by extensions ['colcon_meta']
[0.220s] Level 1:colcon.colcon_core.package_identification:_identify(models/hub) by extension 'colcon_meta'
[0.220s] Level 1:colcon.colcon_core.package_identification:_identify(models/hub) by extensions ['ros']
[0.220s] Level 1:colcon.colcon_core.package_identification:_identify(models/hub) by extension 'ros'
[0.220s] Level 1:colcon.colcon_core.package_identification:_identify(models/hub) by extensions ['cmake', 'python']
[0.220s] Level 1:colcon.colcon_core.package_identification:_identify(models/hub) by extension 'cmake'
[0.221s] Level 1:colcon.colcon_core.package_identification:_identify(models/hub) by extension 'python'
[0.221s] Level 1:colcon.colcon_core.package_identification:_identify(models/hub) by extensions ['python_setup_py']
[0.221s] Level 1:colcon.colcon_core.package_identification:_identify(models/hub) by extension 'python_setup_py'
[0.221s] Level 1:colcon.colcon_core.package_identification:_identify(runs) by extensions ['ignore', 'ignore_ament_install']
[0.221s] Level 1:colcon.colcon_core.package_identification:_identify(runs) by extension 'ignore'
[0.221s] Level 1:colcon.colcon_core.package_identification:_identify(runs) by extension 'ignore_ament_install'
[0.221s] Level 1:colcon.colcon_core.package_identification:_identify(runs) by extensions ['colcon_pkg']
[0.221s] Level 1:colcon.colcon_core.package_identification:_identify(runs) by extension 'colcon_pkg'
[0.221s] Level 1:colcon.colcon_core.package_identification:_identify(runs) by extensions ['colcon_meta']
[0.221s] Level 1:colcon.colcon_core.package_identification:_identify(runs) by extension 'colcon_meta'
[0.221s] Level 1:colcon.colcon_core.package_identification:_identify(runs) by extensions ['ros']
[0.221s] Level 1:colcon.colcon_core.package_identification:_identify(runs) by extension 'ros'
[0.221s] Level 1:colcon.colcon_core.package_identification:_identify(runs) by extensions ['cmake', 'python']
[0.221s] Level 1:colcon.colcon_core.package_identification:_identify(runs) by extension 'cmake'
[0.221s] Level 1:colcon.colcon_core.package_identification:_identify(runs) by extension 'python'
[0.221s] Level 1:colcon.colcon_core.package_identification:_identify(runs) by extensions ['python_setup_py']
[0.221s] Level 1:colcon.colcon_core.package_identification:_identify(runs) by extension 'python_setup_py'
[0.221s] Level 1:colcon.colcon_core.package_identification:_identify(runs/detect) by extensions ['ignore', 'ignore_ament_install']
[0.221s] Level 1:colcon.colcon_core.package_identification:_identify(runs/detect) by extension 'ignore'
[0.221s] Level 1:colcon.colcon_core.package_identification:_identify(runs/detect) by extension 'ignore_ament_install'
[0.221s] Level 1:colcon.colcon_core.package_identification:_identify(runs/detect) by extensions ['colcon_pkg']
[0.221s] Level 1:colcon.colcon_core.package_identification:_identify(runs/detect) by extension 'colcon_pkg'
[0.221s] Level 1:colcon.colcon_core.package_identification:_identify(runs/detect) by extensions ['colcon_meta']
[0.221s] Level 1:colcon.colcon_core.package_identification:_identify(runs/detect) by extension 'colcon_meta'
[0.221s] Level 1:colcon.colcon_core.package_identification:_identify(runs/detect) by extensions ['ros']
[0.221s] Level 1:colcon.colcon_core.package_identification:_identify(runs/detect) by extension 'ros'
[0.221s] Level 1:colcon.colcon_core.package_identification:_identify(runs/detect) by extensions ['cmake', 'python']
[0.221s] Level 1:colcon.colcon_core.package_identification:_identify(runs/detect) by extension 'cmake'
[0.221s] Level 1:colcon.colcon_core.package_identification:_identify(runs/detect) by extension 'python'
[0.221s] Level 1:colcon.colcon_core.package_identification:_identify(runs/detect) by extensions ['python_setup_py']
[0.221s] Level 1:colcon.colcon_core.package_identification:_identify(runs/detect) by extension 'python_setup_py'
[0.221s] Level 1:colcon.colcon_core.package_identification:_identify(runs/detect/exp2) by extensions ['ignore', 'ignore_ament_install']
[0.221s] Level 1:colcon.colcon_core.package_identification:_identify(runs/detect/exp2) by extension 'ignore'
[0.221s] Level 1:colcon.colcon_core.package_identification:_identify(runs/detect/exp2) by extension 'ignore_ament_install'
[0.221s] Level 1:colcon.colcon_core.package_identification:_identify(runs/detect/exp2) by extensions ['colcon_pkg']
[0.221s] Level 1:colcon.colcon_core.package_identification:_identify(runs/detect/exp2) by extension 'colcon_pkg'
[0.222s] Level 1:colcon.colcon_core.package_identification:_identify(runs/detect/exp2) by extensions ['colcon_meta']
[0.222s] Level 1:colcon.colcon_core.package_identification:_identify(runs/detect/exp2) by extension 'colcon_meta'
[0.222s] Level 1:colcon.colcon_core.package_identification:_identify(runs/detect/exp2) by extensions ['ros']
[0.222s] Level 1:colcon.colcon_core.package_identification:_identify(runs/detect/exp2) by extension 'ros'
[0.222s] Level 1:colcon.colcon_core.package_identification:_identify(runs/detect/exp2) by extensions ['cmake', 'python']
[0.222s] Level 1:colcon.colcon_core.package_identification:_identify(runs/detect/exp2) by extension 'cmake'
[0.222s] Level 1:colcon.colcon_core.package_identification:_identify(runs/detect/exp2) by extension 'python'
[0.222s] Level 1:colcon.colcon_core.package_identification:_identify(runs/detect/exp2) by extensions ['python_setup_py']
[0.222s] Level 1:colcon.colcon_core.package_identification:_identify(runs/detect/exp2) by extension 'python_setup_py'
[0.222s] Level 1:colcon.colcon_core.package_identification:_identify(utils) by extensions ['ignore', 'ignore_ament_install']
[0.222s] Level 1:colcon.colcon_core.package_identification:_identify(utils) by extension 'ignore'
[0.222s] Level 1:colcon.colcon_core.package_identification:_identify(utils) by extension 'ignore_ament_install'
[0.222s] Level 1:colcon.colcon_core.package_identification:_identify(utils) by extensions ['colcon_pkg']
[0.222s] Level 1:colcon.colcon_core.package_identification:_identify(utils) by extension 'colcon_pkg'
[0.222s] Level 1:colcon.colcon_core.package_identification:_identify(utils) by extensions ['colcon_meta']
[0.222s] Level 1:colcon.colcon_core.package_identification:_identify(utils) by extension 'colcon_meta'
[0.222s] Level 1:colcon.colcon_core.package_identification:_identify(utils) by extensions ['ros']
[0.222s] Level 1:colcon.colcon_core.package_identification:_identify(utils) by extension 'ros'
[0.222s] Level 1:colcon.colcon_core.package_identification:_identify(utils) by extensions ['cmake', 'python']
[0.222s] Level 1:colcon.colcon_core.package_identification:_identify(utils) by extension 'cmake'
[0.222s] Level 1:colcon.colcon_core.package_identification:_identify(utils) by extension 'python'
[0.222s] Level 1:colcon.colcon_core.package_identification:_identify(utils) by extensions ['python_setup_py']
[0.222s] Level 1:colcon.colcon_core.package_identification:_identify(utils) by extension 'python_setup_py'
[0.222s] Level 1:colcon.colcon_core.package_identification:_identify(utils/aws) by extensions ['ignore', 'ignore_ament_install']
[0.222s] Level 1:colcon.colcon_core.package_identification:_identify(utils/aws) by extension 'ignore'
[0.222s] Level 1:colcon.colcon_core.package_identification:_identify(utils/aws) by extension 'ignore_ament_install'
[0.222s] Level 1:colcon.colcon_core.package_identification:_identify(utils/aws) by extensions ['colcon_pkg']
[0.222s] Level 1:colcon.colcon_core.package_identification:_identify(utils/aws) by extension 'colcon_pkg'
[0.222s] Level 1:colcon.colcon_core.package_identification:_identify(utils/aws) by extensions ['colcon_meta']
[0.222s] Level 1:colcon.colcon_core.package_identification:_identify(utils/aws) by extension 'colcon_meta'
[0.222s] Level 1:colcon.colcon_core.package_identification:_identify(utils/aws) by extensions ['ros']
[0.222s] Level 1:colcon.colcon_core.package_identification:_identify(utils/aws) by extension 'ros'
[0.222s] Level 1:colcon.colcon_core.package_identification:_identify(utils/aws) by extensions ['cmake', 'python']
[0.222s] Level 1:colcon.colcon_core.package_identification:_identify(utils/aws) by extension 'cmake'
[0.222s] Level 1:colcon.colcon_core.package_identification:_identify(utils/aws) by extension 'python'
[0.222s] Level 1:colcon.colcon_core.package_identification:_identify(utils/aws) by extensions ['python_setup_py']
[0.222s] Level 1:colcon.colcon_core.package_identification:_identify(utils/aws) by extension 'python_setup_py'
[0.222s] Level 1:colcon.colcon_core.package_identification:_identify(weights) by extensions ['ignore', 'ignore_ament_install']
[0.223s] Level 1:colcon.colcon_core.package_identification:_identify(weights) by extension 'ignore'
[0.223s] Level 1:colcon.colcon_core.package_identification:_identify(weights) by extension 'ignore_ament_install'
[0.223s] Level 1:colcon.colcon_core.package_identification:_identify(weights) by extensions ['colcon_pkg']
[0.223s] Level 1:colcon.colcon_core.package_identification:_identify(weights) by extension 'colcon_pkg'
[0.223s] Level 1:colcon.colcon_core.package_identification:_identify(weights) by extensions ['colcon_meta']
[0.223s] Level 1:colcon.colcon_core.package_identification:_identify(weights) by extension 'colcon_meta'
[0.223s] Level 1:colcon.colcon_core.package_identification:_identify(weights) by extensions ['ros']
[0.223s] Level 1:colcon.colcon_core.package_identification:_identify(weights) by extension 'ros'
[0.223s] Level 1:colcon.colcon_core.package_identification:_identify(weights) by extensions ['cmake', 'python']
[0.223s] Level 1:colcon.colcon_core.package_identification:_identify(weights) by extension 'cmake'
[0.223s] Level 1:colcon.colcon_core.package_identification:_identify(weights) by extension 'python'
[0.223s] Level 1:colcon.colcon_core.package_identification:_identify(weights) by extensions ['python_setup_py']
[0.223s] Level 1:colcon.colcon_core.package_identification:_identify(weights) by extension 'python_setup_py'
[0.223s] Level 1:colcon.colcon_core.package_discovery:discover_packages(recursive) using defaults
[0.223s] Level 1:colcon.colcon_core.package_discovery:discover_packages(ignore) discover
[0.223s] Level 1:colcon.colcon_core.package_discovery:discover_packages(ignore) using defaults
[0.223s] Level 1:colcon.colcon_core.package_discovery:discover_packages(path) discover
[0.223s] Level 1:colcon.colcon_core.package_discovery:discover_packages(path) using defaults
[0.235s] Level 1:colcon.colcon_core.package_discovery:discover_packages(prefix_path) check parameters
[0.235s] Level 1:colcon.colcon_core.package_discovery:discover_packages(prefix_path) discover
[0.237s] DEBUG:colcon.colcon_installed_package_information.package_discovery:Found 289 installed packages in /opt/ros/foxy
[0.238s] Level 1:colcon.colcon_core.package_discovery:discover_packages(prefix_path) using defaults
[0.279s] INFO:colcon.colcon_core.executor:Executing jobs using 'parallel' executor
[0.282s] DEBUG:colcon.colcon_parallel_executor.executor.parallel:run_until_complete
[0.282s] DEBUG:colcon.colcon_parallel_executor.executor.parallel:closing loop
[0.282s] DEBUG:colcon.colcon_parallel_executor.executor.parallel:loop closed
[0.282s] DEBUG:colcon.colcon_parallel_executor.executor.parallel:run_until_complete finished with '0'
[0.282s] DEBUG:colcon.colcon_core.event_reactor:joining thread
[0.285s] INFO:colcon.colcon_core.plugin_system:Skipping extension 'colcon_notification.desktop_notification.terminal_notifier': Not used on non-Darwin systems
[0.286s] INFO:colcon.colcon_core.plugin_system:Skipping extension 'colcon_notification.desktop_notification.win32': Not used on non-Windows systems
[0.286s] INFO:colcon.colcon_notification.desktop_notification:Sending desktop notification using 'notify2'
[0.295s] DEBUG:colcon.colcon_core.event_reactor:joined thread
[0.299s] INFO:colcon.colcon_core.plugin_system:Skipping extension 'colcon_core.shell.bat': Not used on non-Windows systems
[0.300s] INFO:colcon.colcon_core.shell:Creating prefix script '/home/jin/yolov5-D435i-main/install/local_setup.ps1'
[0.301s] INFO:colcon.colcon_core.shell:Creating prefix util module '/home/jin/yolov5-D435i-main/install/_local_setup_util_ps1.py'
[0.301s] INFO:colcon.colcon_core.shell:Creating prefix chain script '/home/jin/yolov5-D435i-main/install/setup.ps1'
[0.302s] INFO:colcon.colcon_core.shell:Creating prefix script '/home/jin/yolov5-D435i-main/install/local_setup.sh'
[0.303s] INFO:colcon.colcon_core.shell:Creating prefix util module '/home/jin/yolov5-D435i-main/install/_local_setup_util_sh.py'
[0.303s] INFO:colcon.colcon_core.shell:Creating prefix chain script '/home/jin/yolov5-D435i-main/install/setup.sh'
[0.304s] INFO:colcon.colcon_core.shell:Creating prefix script '/home/jin/yolov5-D435i-main/install/local_setup.bash'
[0.304s] INFO:colcon.colcon_core.shell:Creating prefix chain script '/home/jin/yolov5-D435i-main/install/setup.bash'
[0.305s] INFO:colcon.colcon_core.shell:Creating prefix script '/home/jin/yolov5-D435i-main/install/local_setup.zsh'
[0.305s] INFO:colcon.colcon_core.shell:Creating prefix chain script '/home/jin/yolov5-D435i-main/install/setup.zsh'
